{"C:\\Users\\Athan-PC\\Desktop\\tu-bot\\channel.js": {"path":"C:\\Users\\Athan-PC\\Desktop\\tu-bot\\channel.js","statementMap":{"0":{"start":{"line":1,"column":43},"end":{"line":1,"column":64}},"1":{"start":{"line":5,"column":24},"end":{"line":5,"column":39}},"2":{"start":{"line":6,"column":4},"end":{"line":6,"column":29}},"3":{"start":{"line":7,"column":4},"end":{"line":7,"column":39}},"4":{"start":{"line":8,"column":4},"end":{"line":15,"column":6}},"5":{"start":{"line":13,"column":25},"end":{"line":13,"column":45}},"6":{"start":{"line":14,"column":8},"end":{"line":14,"column":35}},"7":{"start":{"line":16,"column":4},"end":{"line":16,"column":50}},"8":{"start":{"line":21,"column":24},"end":{"line":21,"column":39}},"9":{"start":{"line":23,"column":4},"end":{"line":30,"column":6}},"10":{"start":{"line":28,"column":25},"end":{"line":28,"column":45}},"11":{"start":{"line":29,"column":8},"end":{"line":29,"column":35}},"12":{"start":{"line":31,"column":4},"end":{"line":31,"column":51}},"13":{"start":{"line":35,"column":24},"end":{"line":35,"column":39}},"14":{"start":{"line":36,"column":4},"end":{"line":36,"column":50}},"15":{"start":{"line":39,"column":24},"end":{"line":39,"column":39}},"16":{"start":{"line":40,"column":4},"end":{"line":40,"column":51}},"17":{"start":{"line":43,"column":0},"end":{"line":48,"column":2}}},"fnMap":{"0":{"name":"text","decl":{"start":{"line":4,"column":9},"end":{"line":4,"column":13}},"loc":{"start":{"line":4,"column":38},"end":{"line":17,"column":1}},"line":4},"1":{"name":"(anonymous_1)","decl":{"start":{"line":12,"column":10},"end":{"line":12,"column":11}},"loc":{"start":{"line":12,"column":23},"end":{"line":15,"column":5}},"line":12},"2":{"name":"voice","decl":{"start":{"line":20,"column":9},"end":{"line":20,"column":14}},"loc":{"start":{"line":20,"column":39},"end":{"line":32,"column":1}},"line":20},"3":{"name":"(anonymous_3)","decl":{"start":{"line":27,"column":10},"end":{"line":27,"column":11}},"loc":{"start":{"line":27,"column":23},"end":{"line":30,"column":5}},"line":27},"4":{"name":"textTest","decl":{"start":{"line":34,"column":9},"end":{"line":34,"column":17}},"loc":{"start":{"line":34,"column":42},"end":{"line":37,"column":1}},"line":34},"5":{"name":"voiceTest","decl":{"start":{"line":38,"column":9},"end":{"line":38,"column":18}},"loc":{"start":{"line":38,"column":43},"end":{"line":41,"column":1}},"line":38}},"branchMap":{},"s":{"0":1,"1":0,"2":0,"3":0,"4":0,"5":0,"6":0,"7":0,"8":0,"9":0,"10":0,"11":0,"12":0,"13":1,"14":1,"15":1,"16":1,"17":1},"f":{"0":0,"1":0,"2":0,"3":0,"4":1,"5":1},"b":{},"_coverageSchema":"1a1c01bbd47fc00a2c39e90264f33305004495a9","hash":"ae5462c00604beb00f4e6e148b7e4aa78da32982"}
,"C:\\Users\\Athan-PC\\Desktop\\tu-bot\\poll.js": {"path":"C:\\Users\\Athan-PC\\Desktop\\tu-bot\\poll.js","statementMap":{"0":{"start":{"line":1,"column":59},"end":{"line":1,"column":80}},"1":{"start":{"line":4,"column":17},"end":{"line":4,"column":80}},"2":{"start":{"line":6,"column":22},"end":{"line":11,"column":83}},"3":{"start":{"line":12,"column":4},"end":{"line":44,"column":5}},"4":{"start":{"line":13,"column":8},"end":{"line":13,"column":54}},"5":{"start":{"line":16,"column":23},"end":{"line":16,"column":54}},"6":{"start":{"line":18,"column":22},"end":{"line":18,"column":41}},"7":{"start":{"line":19,"column":8},"end":{"line":43,"column":9}},"8":{"start":{"line":20,"column":12},"end":{"line":25,"column":15}},"9":{"start":{"line":21,"column":16},"end":{"line":21,"column":44}},"10":{"start":{"line":22,"column":16},"end":{"line":22,"column":44}},"11":{"start":{"line":24,"column":16},"end":{"line":24,"column":37}},"12":{"start":{"line":27,"column":15},"end":{"line":43,"column":9}},"13":{"start":{"line":28,"column":28},"end":{"line":28,"column":30}},"14":{"start":{"line":30,"column":12},"end":{"line":30,"column":54}},"15":{"start":{"line":32,"column":12},"end":{"line":34,"column":13}},"16":{"start":{"line":32,"column":25},"end":{"line":32,"column":26}},"17":{"start":{"line":33,"column":16},"end":{"line":33,"column":68}},"18":{"start":{"line":36,"column":12},"end":{"line":42,"column":15}},"19":{"start":{"line":37,"column":16},"end":{"line":39,"column":17}},"20":{"start":{"line":37,"column":29},"end":{"line":37,"column":30}},"21":{"start":{"line":38,"column":20},"end":{"line":38,"column":55}},"22":{"start":{"line":41,"column":16},"end":{"line":41,"column":37}},"23":{"start":{"line":48,"column":17},"end":{"line":48,"column":32}},"24":{"start":{"line":49,"column":4},"end":{"line":49,"column":49}},"25":{"start":{"line":53,"column":17},"end":{"line":53,"column":32}},"26":{"start":{"line":54,"column":4},"end":{"line":54,"column":58}},"27":{"start":{"line":57,"column":0},"end":{"line":57,"column":48}}},"fnMap":{"0":{"name":"poll","decl":{"start":{"line":3,"column":9},"end":{"line":3,"column":13}},"loc":{"start":{"line":3,"column":37},"end":{"line":45,"column":1}},"line":3},"1":{"name":"(anonymous_1)","decl":{"start":{"line":20,"column":66},"end":{"line":20,"column":67}},"loc":{"start":{"line":20,"column":85},"end":{"line":25,"column":13}},"line":20},"2":{"name":"(anonymous_2)","decl":{"start":{"line":36,"column":49},"end":{"line":36,"column":50}},"loc":{"start":{"line":36,"column":68},"end":{"line":42,"column":13}},"line":36},"3":{"name":"pollTest1","decl":{"start":{"line":47,"column":9},"end":{"line":47,"column":18}},"loc":{"start":{"line":47,"column":43},"end":{"line":50,"column":1}},"line":47},"4":{"name":"pollTest2","decl":{"start":{"line":52,"column":9},"end":{"line":52,"column":18}},"loc":{"start":{"line":52,"column":43},"end":{"line":55,"column":1}},"line":52}},"branchMap":{"0":{"loc":{"start":{"line":12,"column":4},"end":{"line":44,"column":5}},"type":"if","locations":[{"start":{"line":12,"column":4},"end":{"line":44,"column":5}},{"start":{"line":14,"column":11},"end":{"line":44,"column":5}}],"line":12},"1":{"loc":{"start":{"line":19,"column":8},"end":{"line":43,"column":9}},"type":"if","locations":[{"start":{"line":19,"column":8},"end":{"line":43,"column":9}},{"start":{"line":27,"column":15},"end":{"line":43,"column":9}}],"line":19},"2":{"loc":{"start":{"line":27,"column":15},"end":{"line":43,"column":9}},"type":"if","locations":[{"start":{"line":27,"column":15},"end":{"line":43,"column":9}},{"start":{},"end":{}}],"line":27}},"s":{"0":1,"1":0,"2":0,"3":0,"4":0,"5":0,"6":0,"7":0,"8":0,"9":0,"10":0,"11":0,"12":0,"13":0,"14":0,"15":0,"16":0,"17":0,"18":0,"19":0,"20":0,"21":0,"22":0,"23":1,"24":1,"25":1,"26":1,"27":1},"f":{"0":0,"1":0,"2":0,"3":1,"4":1},"b":{"0":[0,0],"1":[0,0],"2":[0,0]},"_coverageSchema":"1a1c01bbd47fc00a2c39e90264f33305004495a9","hash":"175b9677ee09a72f9dc6a3aed423e0c088ed5ddf"}
,"C:\\Users\\Athan-PC\\Desktop\\tu-bot\\reminder.js": {"path":"C:\\Users\\Athan-PC\\Desktop\\tu-bot\\reminder.js","statementMap":{"0":{"start":{"line":1,"column":52},"end":{"line":1,"column":73}},"1":{"start":{"line":2,"column":12},"end":{"line":2,"column":28}},"2":{"start":{"line":3,"column":0},"end":{"line":3,"column":16}},"3":{"start":{"line":6,"column":18},"end":{"line":6,"column":20}},"4":{"start":{"line":7,"column":24},"end":{"line":7,"column":29}},"5":{"start":{"line":8,"column":20},"end":{"line":8,"column":21}},"6":{"start":{"line":13,"column":24},"end":{"line":16,"column":54}},"7":{"start":{"line":18,"column":4},"end":{"line":21,"column":5}},"8":{"start":{"line":19,"column":8},"end":{"line":19,"column":56}},"9":{"start":{"line":20,"column":8},"end":{"line":20,"column":15}},"10":{"start":{"line":23,"column":26},"end":{"line":23,"column":28}},"11":{"start":{"line":24,"column":4},"end":{"line":24,"column":44}},"12":{"start":{"line":27,"column":15},"end":{"line":27,"column":50}},"13":{"start":{"line":28,"column":26},"end":{"line":28,"column":53}},"14":{"start":{"line":31,"column":4},"end":{"line":38,"column":27}},"15":{"start":{"line":32,"column":8},"end":{"line":32,"column":43}},"16":{"start":{"line":33,"column":8},"end":{"line":33,"column":41}},"17":{"start":{"line":34,"column":8},"end":{"line":34,"column":41}},"18":{"start":{"line":35,"column":8},"end":{"line":35,"column":27}},"19":{"start":{"line":38,"column":8},"end":{"line":38,"column":27}},"20":{"start":{"line":40,"column":21},"end":{"line":40,"column":52}},"21":{"start":{"line":41,"column":4},"end":{"line":41,"column":42}},"22":{"start":{"line":43,"column":4},"end":{"line":43,"column":33}},"23":{"start":{"line":44,"column":21},"end":{"line":44,"column":49}},"24":{"start":{"line":45,"column":4},"end":{"line":45,"column":42}},"25":{"start":{"line":46,"column":4},"end":{"line":46,"column":36}},"26":{"start":{"line":47,"column":4},"end":{"line":47,"column":57}},"27":{"start":{"line":50,"column":8},"end":{"line":50,"column":43}},"28":{"start":{"line":53,"column":4},"end":{"line":53,"column":33}},"29":{"start":{"line":55,"column":4},"end":{"line":55,"column":16}},"30":{"start":{"line":57,"column":4},"end":{"line":60,"column":5}},"31":{"start":{"line":58,"column":8},"end":{"line":58,"column":28}},"32":{"start":{"line":59,"column":8},"end":{"line":59,"column":33}},"33":{"start":{"line":67,"column":25},"end":{"line":67,"column":27}},"34":{"start":{"line":69,"column":4},"end":{"line":75,"column":5}},"35":{"start":{"line":70,"column":8},"end":{"line":70,"column":78}},"36":{"start":{"line":71,"column":8},"end":{"line":73,"column":9}},"37":{"start":{"line":72,"column":12},"end":{"line":72,"column":85}},"38":{"start":{"line":74,"column":8},"end":{"line":74,"column":31}},"39":{"start":{"line":77,"column":4},"end":{"line":79,"column":5}},"40":{"start":{"line":78,"column":8},"end":{"line":78,"column":57}},"41":{"start":{"line":81,"column":24},"end":{"line":83,"column":43}},"42":{"start":{"line":85,"column":4},"end":{"line":85,"column":52}},"43":{"start":{"line":93,"column":25},"end":{"line":93,"column":35}},"44":{"start":{"line":94,"column":23},"end":{"line":94,"column":45}},"45":{"start":{"line":96,"column":4},"end":{"line":144,"column":15}},"46":{"start":{"line":97,"column":22},"end":{"line":97,"column":32}},"47":{"start":{"line":99,"column":8},"end":{"line":143,"column":9}},"48":{"start":{"line":100,"column":26},"end":{"line":100,"column":46}},"49":{"start":{"line":101,"column":24},"end":{"line":101,"column":39}},"50":{"start":{"line":103,"column":35},"end":{"line":103,"column":37}},"51":{"start":{"line":104,"column":33},"end":{"line":104,"column":35}},"52":{"start":{"line":106,"column":12},"end":{"line":116,"column":13}},"53":{"start":{"line":106,"column":24},"end":{"line":106,"column":25}},"54":{"start":{"line":108,"column":16},"end":{"line":115,"column":56}},"55":{"start":{"line":109,"column":20},"end":{"line":109,"column":58}},"56":{"start":{"line":110,"column":20},"end":{"line":110,"column":45}},"57":{"start":{"line":111,"column":20},"end":{"line":111,"column":24}},"58":{"start":{"line":114,"column":21},"end":{"line":115,"column":56}},"59":{"start":{"line":115,"column":20},"end":{"line":115,"column":56}},"60":{"start":{"line":118,"column":33},"end":{"line":118,"column":35}},"61":{"start":{"line":119,"column":12},"end":{"line":123,"column":13}},"62":{"start":{"line":120,"column":16},"end":{"line":120,"column":53}},"63":{"start":{"line":121,"column":16},"end":{"line":122,"column":83}},"64":{"start":{"line":122,"column":20},"end":{"line":122,"column":83}},"65":{"start":{"line":124,"column":12},"end":{"line":128,"column":13}},"66":{"start":{"line":125,"column":16},"end":{"line":125,"column":56}},"67":{"start":{"line":126,"column":16},"end":{"line":127,"column":81}},"68":{"start":{"line":127,"column":20},"end":{"line":127,"column":81}},"69":{"start":{"line":131,"column":12},"end":{"line":137,"column":13}},"70":{"start":{"line":132,"column":36},"end":{"line":134,"column":59}},"71":{"start":{"line":136,"column":16},"end":{"line":136,"column":63}},"72":{"start":{"line":140,"column":29},"end":{"line":140,"column":44}},"73":{"start":{"line":141,"column":12},"end":{"line":141,"column":53}},"74":{"start":{"line":142,"column":12},"end":{"line":142,"column":46}},"75":{"start":{"line":149,"column":24},"end":{"line":154,"column":43}},"76":{"start":{"line":156,"column":4},"end":{"line":159,"column":5}},"77":{"start":{"line":157,"column":8},"end":{"line":157,"column":56}},"78":{"start":{"line":158,"column":8},"end":{"line":158,"column":15}},"79":{"start":{"line":161,"column":18},"end":{"line":161,"column":43}},"80":{"start":{"line":162,"column":4},"end":{"line":165,"column":5}},"81":{"start":{"line":163,"column":8},"end":{"line":163,"column":56}},"82":{"start":{"line":164,"column":8},"end":{"line":164,"column":15}},"83":{"start":{"line":167,"column":4},"end":{"line":167,"column":28}},"84":{"start":{"line":169,"column":25},"end":{"line":169,"column":66}},"85":{"start":{"line":170,"column":4},"end":{"line":175,"column":31}},"86":{"start":{"line":171,"column":8},"end":{"line":171,"column":39}},"87":{"start":{"line":172,"column":9},"end":{"line":175,"column":31}},"88":{"start":{"line":173,"column":8},"end":{"line":173,"column":50}},"89":{"start":{"line":175,"column":8},"end":{"line":175,"column":31}},"90":{"start":{"line":177,"column":4},"end":{"line":177,"column":40}},"91":{"start":{"line":182,"column":24},"end":{"line":187,"column":74}},"92":{"start":{"line":189,"column":4},"end":{"line":192,"column":5}},"93":{"start":{"line":190,"column":8},"end":{"line":190,"column":56}},"94":{"start":{"line":191,"column":8},"end":{"line":191,"column":15}},"95":{"start":{"line":194,"column":13},"end":{"line":194,"column":38}},"96":{"start":{"line":195,"column":4},"end":{"line":198,"column":5}},"97":{"start":{"line":196,"column":8},"end":{"line":196,"column":56}},"98":{"start":{"line":197,"column":8},"end":{"line":197,"column":15}},"99":{"start":{"line":200,"column":28},"end":{"line":200,"column":45}},"100":{"start":{"line":201,"column":4},"end":{"line":201,"column":32}},"101":{"start":{"line":204,"column":4},"end":{"line":204,"column":16}},"102":{"start":{"line":206,"column":4},"end":{"line":206,"column":85}},"103":{"start":{"line":211,"column":4},"end":{"line":211,"column":21}},"104":{"start":{"line":212,"column":4},"end":{"line":212,"column":51}},"105":{"start":{"line":218,"column":4},"end":{"line":219,"column":32}},"106":{"start":{"line":218,"column":16},"end":{"line":218,"column":17}},"107":{"start":{"line":219,"column":8},"end":{"line":219,"column":32}},"108":{"start":{"line":223,"column":4},"end":{"line":223,"column":46}},"109":{"start":{"line":226,"column":4},"end":{"line":226,"column":42}},"110":{"start":{"line":229,"column":4},"end":{"line":229,"column":42}},"111":{"start":{"line":232,"column":4},"end":{"line":232,"column":51}},"112":{"start":{"line":235,"column":4},"end":{"line":235,"column":51}},"113":{"start":{"line":238,"column":4},"end":{"line":238,"column":49}},"114":{"start":{"line":241,"column":0},"end":{"line":244,"column":1}}},"fnMap":{"0":{"name":"assign","decl":{"start":{"line":11,"column":9},"end":{"line":11,"column":15}},"loc":{"start":{"line":11,"column":38},"end":{"line":61,"column":1}},"line":11},"1":{"name":"assignSort","decl":{"start":{"line":49,"column":13},"end":{"line":49,"column":23}},"loc":{"start":{"line":49,"column":29},"end":{"line":51,"column":5}},"line":49},"2":{"name":"remind","decl":{"start":{"line":65,"column":9},"end":{"line":65,"column":15}},"loc":{"start":{"line":65,"column":24},"end":{"line":86,"column":1}},"line":65},"3":{"name":"autoRemind","decl":{"start":{"line":90,"column":9},"end":{"line":90,"column":19}},"loc":{"start":{"line":90,"column":28},"end":{"line":145,"column":1}},"line":90},"4":{"name":"(anonymous_4)","decl":{"start":{"line":96,"column":16},"end":{"line":96,"column":17}},"loc":{"start":{"line":96,"column":22},"end":{"line":144,"column":5}},"line":96},"5":{"name":"changeReminderHour","decl":{"start":{"line":148,"column":9},"end":{"line":148,"column":27}},"loc":{"start":{"line":148,"column":50},"end":{"line":178,"column":1}},"line":148},"6":{"name":"deleteAssignment","decl":{"start":{"line":181,"column":9},"end":{"line":181,"column":25}},"loc":{"start":{"line":181,"column":48},"end":{"line":207,"column":1}},"line":181},"7":{"name":"clearAssignments","decl":{"start":{"line":210,"column":9},"end":{"line":210,"column":25}},"loc":{"start":{"line":210,"column":34},"end":{"line":213,"column":1}},"line":210},"8":{"name":"assignIDs","decl":{"start":{"line":217,"column":9},"end":{"line":217,"column":18}},"loc":{"start":{"line":217,"column":20},"end":{"line":220,"column":1}},"line":217},"9":{"name":"assignTest","decl":{"start":{"line":222,"column":9},"end":{"line":222,"column":19}},"loc":{"start":{"line":222,"column":44},"end":{"line":224,"column":1}},"line":222},"10":{"name":"remindTest","decl":{"start":{"line":225,"column":9},"end":{"line":225,"column":19}},"loc":{"start":{"line":225,"column":44},"end":{"line":227,"column":1}},"line":225},"11":{"name":"autoRemindTest","decl":{"start":{"line":228,"column":9},"end":{"line":228,"column":23}},"loc":{"start":{"line":228,"column":48},"end":{"line":230,"column":1}},"line":228},"12":{"name":"changeReminderHourTest","decl":{"start":{"line":231,"column":9},"end":{"line":231,"column":31}},"loc":{"start":{"line":231,"column":56},"end":{"line":233,"column":1}},"line":231},"13":{"name":"deleteAssignmentTest","decl":{"start":{"line":234,"column":9},"end":{"line":234,"column":29}},"loc":{"start":{"line":234,"column":54},"end":{"line":236,"column":1}},"line":234},"14":{"name":"clearAssignmentsTest","decl":{"start":{"line":237,"column":9},"end":{"line":237,"column":29}},"loc":{"start":{"line":237,"column":54},"end":{"line":239,"column":1}},"line":237}},"branchMap":{"0":{"loc":{"start":{"line":18,"column":4},"end":{"line":21,"column":5}},"type":"if","locations":[{"start":{"line":18,"column":4},"end":{"line":21,"column":5}},{"start":{},"end":{}}],"line":18},"1":{"loc":{"start":{"line":31,"column":4},"end":{"line":38,"column":27}},"type":"if","locations":[{"start":{"line":31,"column":4},"end":{"line":38,"column":27}},{"start":{"line":38,"column":8},"end":{"line":38,"column":27}}],"line":31},"2":{"loc":{"start":{"line":57,"column":4},"end":{"line":60,"column":5}},"type":"if","locations":[{"start":{"line":57,"column":4},"end":{"line":60,"column":5}},{"start":{},"end":{}}],"line":57},"3":{"loc":{"start":{"line":71,"column":8},"end":{"line":73,"column":9}},"type":"if","locations":[{"start":{"line":71,"column":8},"end":{"line":73,"column":9}},{"start":{},"end":{}}],"line":71},"4":{"loc":{"start":{"line":77,"column":4},"end":{"line":79,"column":5}},"type":"if","locations":[{"start":{"line":77,"column":4},"end":{"line":79,"column":5}},{"start":{},"end":{}}],"line":77},"5":{"loc":{"start":{"line":99,"column":8},"end":{"line":143,"column":9}},"type":"if","locations":[{"start":{"line":99,"column":8},"end":{"line":143,"column":9}},{"start":{},"end":{}}],"line":99},"6":{"loc":{"start":{"line":99,"column":11},"end":{"line":99,"column":81}},"type":"binary-expr","locations":[{"start":{"line":99,"column":11},"end":{"line":99,"column":43}},{"start":{"line":99,"column":47},"end":{"line":99,"column":81}}],"line":99},"7":{"loc":{"start":{"line":108,"column":16},"end":{"line":115,"column":56}},"type":"if","locations":[{"start":{"line":108,"column":16},"end":{"line":115,"column":56}},{"start":{"line":114,"column":21},"end":{"line":115,"column":56}}],"line":108},"8":{"loc":{"start":{"line":108,"column":19},"end":{"line":108,"column":83}},"type":"binary-expr","locations":[{"start":{"line":108,"column":19},"end":{"line":108,"column":50}},{"start":{"line":108,"column":54},"end":{"line":108,"column":83}}],"line":108},"9":{"loc":{"start":{"line":114,"column":21},"end":{"line":115,"column":56}},"type":"if","locations":[{"start":{"line":114,"column":21},"end":{"line":115,"column":56}},{"start":{},"end":{}}],"line":114},"10":{"loc":{"start":{"line":114,"column":24},"end":{"line":114,"column":90}},"type":"binary-expr","locations":[{"start":{"line":114,"column":24},"end":{"line":114,"column":55}},{"start":{"line":114,"column":59},"end":{"line":114,"column":90}}],"line":114},"11":{"loc":{"start":{"line":119,"column":12},"end":{"line":123,"column":13}},"type":"if","locations":[{"start":{"line":119,"column":12},"end":{"line":123,"column":13}},{"start":{},"end":{}}],"line":119},"12":{"loc":{"start":{"line":124,"column":12},"end":{"line":128,"column":13}},"type":"if","locations":[{"start":{"line":124,"column":12},"end":{"line":128,"column":13}},{"start":{},"end":{}}],"line":124},"13":{"loc":{"start":{"line":131,"column":12},"end":{"line":137,"column":13}},"type":"if","locations":[{"start":{"line":131,"column":12},"end":{"line":137,"column":13}},{"start":{},"end":{}}],"line":131},"14":{"loc":{"start":{"line":156,"column":4},"end":{"line":159,"column":5}},"type":"if","locations":[{"start":{"line":156,"column":4},"end":{"line":159,"column":5}},{"start":{},"end":{}}],"line":156},"15":{"loc":{"start":{"line":162,"column":4},"end":{"line":165,"column":5}},"type":"if","locations":[{"start":{"line":162,"column":4},"end":{"line":165,"column":5}},{"start":{},"end":{}}],"line":162},"16":{"loc":{"start":{"line":162,"column":7},"end":{"line":162,"column":52}},"type":"binary-expr","locations":[{"start":{"line":162,"column":7},"end":{"line":162,"column":21}},{"start":{"line":162,"column":25},"end":{"line":162,"column":37}},{"start":{"line":162,"column":41},"end":{"line":162,"column":52}}],"line":162},"17":{"loc":{"start":{"line":170,"column":4},"end":{"line":175,"column":31}},"type":"if","locations":[{"start":{"line":170,"column":4},"end":{"line":175,"column":31}},{"start":{"line":172,"column":9},"end":{"line":175,"column":31}}],"line":170},"18":{"loc":{"start":{"line":170,"column":7},"end":{"line":170,"column":36}},"type":"binary-expr","locations":[{"start":{"line":170,"column":7},"end":{"line":170,"column":20}},{"start":{"line":170,"column":24},"end":{"line":170,"column":36}}],"line":170},"19":{"loc":{"start":{"line":172,"column":9},"end":{"line":175,"column":31}},"type":"if","locations":[{"start":{"line":172,"column":9},"end":{"line":175,"column":31}},{"start":{"line":175,"column":8},"end":{"line":175,"column":31}}],"line":172},"20":{"loc":{"start":{"line":189,"column":4},"end":{"line":192,"column":5}},"type":"if","locations":[{"start":{"line":189,"column":4},"end":{"line":192,"column":5}},{"start":{},"end":{}}],"line":189},"21":{"loc":{"start":{"line":195,"column":4},"end":{"line":198,"column":5}},"type":"if","locations":[{"start":{"line":195,"column":4},"end":{"line":198,"column":5}},{"start":{},"end":{}}],"line":195},"22":{"loc":{"start":{"line":195,"column":7},"end":{"line":195,"column":53}},"type":"binary-expr","locations":[{"start":{"line":195,"column":7},"end":{"line":195,"column":16}},{"start":{"line":195,"column":20},"end":{"line":195,"column":43}},{"start":{"line":195,"column":47},"end":{"line":195,"column":53}}],"line":195}},"s":{"0":1,"1":1,"2":1,"3":1,"4":1,"5":1,"6":0,"7":0,"8":0,"9":0,"10":0,"11":0,"12":0,"13":0,"14":0,"15":0,"16":0,"17":0,"18":0,"19":0,"20":0,"21":0,"22":0,"23":0,"24":0,"25":0,"26":0,"27":0,"28":0,"29":0,"30":0,"31":0,"32":0,"33":0,"34":0,"35":0,"36":0,"37":0,"38":0,"39":0,"40":0,"41":0,"42":0,"43":0,"44":0,"45":0,"46":0,"47":0,"48":0,"49":0,"50":0,"51":0,"52":0,"53":0,"54":0,"55":0,"56":0,"57":0,"58":0,"59":0,"60":0,"61":0,"62":0,"63":0,"64":0,"65":0,"66":0,"67":0,"68":0,"69":0,"70":0,"71":0,"72":0,"73":0,"74":0,"75":0,"76":0,"77":0,"78":0,"79":0,"80":0,"81":0,"82":0,"83":0,"84":0,"85":0,"86":0,"87":0,"88":0,"89":0,"90":0,"91":0,"92":0,"93":0,"94":0,"95":0,"96":0,"97":0,"98":0,"99":0,"100":0,"101":0,"102":0,"103":0,"104":0,"105":0,"106":0,"107":0,"108":1,"109":1,"110":1,"111":1,"112":1,"113":1,"114":1},"f":{"0":0,"1":0,"2":0,"3":0,"4":0,"5":0,"6":0,"7":0,"8":0,"9":1,"10":1,"11":1,"12":1,"13":1,"14":1},"b":{"0":[0,0],"1":[0,0],"2":[0,0],"3":[0,0],"4":[0,0],"5":[0,0],"6":[0,0],"7":[0,0],"8":[0,0],"9":[0,0],"10":[0,0],"11":[0,0],"12":[0,0],"13":[0,0],"14":[0,0],"15":[0,0],"16":[0,0,0],"17":[0,0],"18":[0,0],"19":[0,0],"20":[0,0],"21":[0,0],"22":[0,0,0]},"_coverageSchema":"1a1c01bbd47fc00a2c39e90264f33305004495a9","hash":"757001c61dcfab38f36a67abf5ba0f66357e3b25"}
}
