TN:
SF:channel.js
FN:4,text
FN:12,(anonymous_1)
FN:20,voice
FN:27,(anonymous_3)
FN:34,textTest
FN:38,voiceTest
FNF:6
FNH:2
FNDA:0,text
FNDA:0,(anonymous_1)
FNDA:0,voice
FNDA:0,(anonymous_3)
FNDA:1,textTest
FNDA:1,voiceTest
DA:1,1
DA:5,0
DA:6,0
DA:7,0
DA:8,0
DA:13,0
DA:14,0
DA:16,0
DA:21,0
DA:23,0
DA:28,0
DA:29,0
DA:31,0
DA:35,1
DA:36,1
DA:39,1
DA:40,1
DA:43,1
LF:18
LH:6
BRF:0
BRH:0
end_of_record
TN:
SF:poll.js
FN:3,poll
FN:20,(anonymous_1)
FN:36,(anonymous_2)
FN:47,pollTest1
FN:52,pollTest2
FNF:5
FNH:2
FNDA:0,poll
FNDA:0,(anonymous_1)
FNDA:0,(anonymous_2)
FNDA:1,pollTest1
FNDA:1,pollTest2
DA:1,1
DA:4,0
DA:6,0
DA:12,0
DA:13,0
DA:16,0
DA:18,0
DA:19,0
DA:20,0
DA:21,0
DA:22,0
DA:24,0
DA:27,0
DA:28,0
DA:30,0
DA:32,0
DA:33,0
DA:36,0
DA:37,0
DA:38,0
DA:41,0
DA:48,1
DA:49,1
DA:53,1
DA:54,1
DA:57,1
LF:26
LH:6
BRDA:12,0,0,0
BRDA:12,0,1,0
BRDA:19,1,0,0
BRDA:19,1,1,0
BRDA:27,2,0,0
BRDA:27,2,1,0
BRF:6
BRH:0
end_of_record
TN:
SF:reminder.js
FN:11,assign
FN:49,assignSort
FN:65,remind
FN:90,autoRemind
FN:96,(anonymous_4)
FN:148,changeReminderHour
FN:181,deleteAssignment
FN:210,clearAssignments
FN:217,assignIDs
FN:222,assignTest
FN:225,remindTest
FN:228,autoRemindTest
FN:231,changeReminderHourTest
FN:234,deleteAssignmentTest
FN:237,clearAssignmentsTest
FNF:15
FNH:6
FNDA:0,assign
FNDA:0,assignSort
FNDA:0,remind
FNDA:0,autoRemind
FNDA:0,(anonymous_4)
FNDA:0,changeReminderHour
FNDA:0,deleteAssignment
FNDA:0,clearAssignments
FNDA:0,assignIDs
FNDA:1,assignTest
FNDA:1,remindTest
FNDA:1,autoRemindTest
FNDA:1,changeReminderHourTest
FNDA:1,deleteAssignmentTest
FNDA:1,clearAssignmentsTest
DA:1,1
DA:2,1
DA:3,1
DA:6,1
DA:7,1
DA:8,1
DA:13,0
DA:18,0
DA:19,0
DA:20,0
DA:23,0
DA:24,0
DA:27,0
DA:28,0
DA:31,0
DA:32,0
DA:33,0
DA:34,0
DA:35,0
DA:38,0
DA:40,0
DA:41,0
DA:43,0
DA:44,0
DA:45,0
DA:46,0
DA:47,0
DA:50,0
DA:53,0
DA:55,0
DA:57,0
DA:58,0
DA:59,0
DA:67,0
DA:69,0
DA:70,0
DA:71,0
DA:72,0
DA:74,0
DA:77,0
DA:78,0
DA:81,0
DA:85,0
DA:93,0
DA:94,0
DA:96,0
DA:97,0
DA:99,0
DA:100,0
DA:101,0
DA:103,0
DA:104,0
DA:106,0
DA:108,0
DA:109,0
DA:110,0
DA:111,0
DA:114,0
DA:115,0
DA:118,0
DA:119,0
DA:120,0
DA:121,0
DA:122,0
DA:124,0
DA:125,0
DA:126,0
DA:127,0
DA:131,0
DA:132,0
DA:136,0
DA:140,0
DA:141,0
DA:142,0
DA:149,0
DA:156,0
DA:157,0
DA:158,0
DA:161,0
DA:162,0
DA:163,0
DA:164,0
DA:167,0
DA:169,0
DA:170,0
DA:171,0
DA:172,0
DA:173,0
DA:175,0
DA:177,0
DA:182,0
DA:189,0
DA:190,0
DA:191,0
DA:194,0
DA:195,0
DA:196,0
DA:197,0
DA:200,0
DA:201,0
DA:204,0
DA:206,0
DA:211,0
DA:212,0
DA:218,0
DA:219,0
DA:223,1
DA:226,1
DA:229,1
DA:232,1
DA:235,1
DA:238,1
DA:241,1
LF:113
LH:13
BRDA:18,0,0,0
BRDA:18,0,1,0
BRDA:31,1,0,0
BRDA:31,1,1,0
BRDA:57,2,0,0
BRDA:57,2,1,0
BRDA:71,3,0,0
BRDA:71,3,1,0
BRDA:77,4,0,0
BRDA:77,4,1,0
BRDA:99,5,0,0
BRDA:99,5,1,0
BRDA:99,6,0,0
BRDA:99,6,1,0
BRDA:108,7,0,0
BRDA:108,7,1,0
BRDA:108,8,0,0
BRDA:108,8,1,0
BRDA:114,9,0,0
BRDA:114,9,1,0
BRDA:114,10,0,0
BRDA:114,10,1,0
BRDA:119,11,0,0
BRDA:119,11,1,0
BRDA:124,12,0,0
BRDA:124,12,1,0
BRDA:131,13,0,0
BRDA:131,13,1,0
BRDA:156,14,0,0
BRDA:156,14,1,0
BRDA:162,15,0,0
BRDA:162,15,1,0
BRDA:162,16,0,0
BRDA:162,16,1,0
BRDA:162,16,2,0
BRDA:170,17,0,0
BRDA:170,17,1,0
BRDA:170,18,0,0
BRDA:170,18,1,0
BRDA:172,19,0,0
BRDA:172,19,1,0
BRDA:189,20,0,0
BRDA:189,20,1,0
BRDA:195,21,0,0
BRDA:195,21,1,0
BRDA:195,22,0,0
BRDA:195,22,1,0
BRDA:195,22,2,0
BRF:48
BRH:0
end_of_record
